Determining if the pthread_create exist failed with the following output:
Change Dir: /home/axel/P4/velodyne_plugin/CMakeFiles/CMakeTmp

Run Build Command:"/usr/bin/make" "cmTC_26d29/fast"
/usr/bin/make -f CMakeFiles/cmTC_26d29.dir/build.make CMakeFiles/cmTC_26d29.dir/build
make[1]: Entering directory '/home/axel/P4/velodyne_plugin/CMakeFiles/CMakeTmp'
Building C object CMakeFiles/cmTC_26d29.dir/CheckSymbolExists.c.o
/usr/bin/cc     -o CMakeFiles/cmTC_26d29.dir/CheckSymbolExists.c.o   -c /home/axel/P4/velodyne_plugin/CMakeFiles/CMakeTmp/CheckSymbolExists.c
Linking C executable cmTC_26d29
/usr/bin/cmake -E cmake_link_script CMakeFiles/cmTC_26d29.dir/link.txt --verbose=1
/usr/bin/cc       CMakeFiles/cmTC_26d29.dir/CheckSymbolExists.c.o  -o cmTC_26d29 -rdynamic 
CMakeFiles/cmTC_26d29.dir/CheckSymbolExists.c.o: In function `main':
CheckSymbolExists.c:(.text+0x16): undefined reference to `pthread_create'
collect2: error: ld returned 1 exit status
CMakeFiles/cmTC_26d29.dir/build.make:97: recipe for target 'cmTC_26d29' failed
make[1]: *** [cmTC_26d29] Error 1
make[1]: Leaving directory '/home/axel/P4/velodyne_plugin/CMakeFiles/CMakeTmp'
Makefile:126: recipe for target 'cmTC_26d29/fast' failed
make: *** [cmTC_26d29/fast] Error 2

File /home/axel/P4/velodyne_plugin/CMakeFiles/CMakeTmp/CheckSymbolExists.c:
/* */
#include <pthread.h>

int main(int argc, char** argv)
{
  (void)argv;
#ifndef pthread_create
  return ((int*)(&pthread_create))[argc];
#else
  (void)argc;
  return 0;
#endif
}

Determining if the function pthread_create exists in the pthreads failed with the following output:
Change Dir: /home/axel/P4/velodyne_plugin/CMakeFiles/CMakeTmp

Run Build Command:"/usr/bin/make" "cmTC_9617c/fast"
/usr/bin/make -f CMakeFiles/cmTC_9617c.dir/build.make CMakeFiles/cmTC_9617c.dir/build
make[1]: Entering directory '/home/axel/P4/velodyne_plugin/CMakeFiles/CMakeTmp'
Building C object CMakeFiles/cmTC_9617c.dir/CheckFunctionExists.c.o
/usr/bin/cc    -DCHECK_FUNCTION_EXISTS=pthread_create   -o CMakeFiles/cmTC_9617c.dir/CheckFunctionExists.c.o   -c /usr/share/cmake-3.5/Modules/CheckFunctionExists.c
Linking C executable cmTC_9617c
/usr/bin/cmake -E cmake_link_script CMakeFiles/cmTC_9617c.dir/link.txt --verbose=1
/usr/bin/cc   -DCHECK_FUNCTION_EXISTS=pthread_create    CMakeFiles/cmTC_9617c.dir/CheckFunctionExists.c.o  -o cmTC_9617c -rdynamic -lpthreads 
/usr/bin/ld: cannot find -lpthreads
collect2: error: ld returned 1 exit status
CMakeFiles/cmTC_9617c.dir/build.make:97: recipe for target 'cmTC_9617c' failed
make[1]: *** [cmTC_9617c] Error 1
make[1]: Leaving directory '/home/axel/P4/velodyne_plugin/CMakeFiles/CMakeTmp'
Makefile:126: recipe for target 'cmTC_9617c/fast' failed
make: *** [cmTC_9617c/fast] Error 2


